[debug] [2021-08-18T04:47:16.627Z] ----------------------------------------------------------------------
[debug] [2021-08-18T04:47:16.630Z] Command:       /usr/local/bin/node /usr/bin/firebase emulators:start
[debug] [2021-08-18T04:47:16.630Z] CLI Version:   9.16.5
[debug] [2021-08-18T04:47:16.630Z] Platform:      linux
[debug] [2021-08-18T04:47:16.630Z] Node Version:  v14.17.5
[debug] [2021-08-18T04:47:16.631Z] Time:          Wed Aug 18 2021 10:17:16 GMT+0530 (India Standard Time)
[debug] [2021-08-18T04:47:16.631Z] ----------------------------------------------------------------------
[debug] 
[debug] [2021-08-18T04:47:16.705Z] > command requires scopes: ["email","openid","https://www.googleapis.com/auth/cloudplatformprojects.readonly","https://www.googleapis.com/auth/firebase","https://www.googleapis.com/auth/cloud-platform"]
[debug] [2021-08-18T04:47:16.706Z] > authorizing via signed-in user (rajnishtiwarihrt@gmail.com)
[info] i  emulators: Starting emulators: functions, hosting {"metadata":{"emulator":{"name":"hub"},"message":"Starting emulators: functions, hosting"}}
[debug] [2021-08-18T04:47:16.737Z] [hub] writing locator at /tmp/hub-clone-ca516.json
[warn] ⚠  functions: The following emulators are not running, calls to these services from the Functions emulator will affect production: auth, firestore, database, pubsub, storage {"metadata":{"emulator":{"name":"functions"},"message":"The following emulators are not running, calls to these services from the Functions emulator will affect production: \u001b[1mauth, firestore, database, pubsub, storage\u001b[22m"}}
[info] ✔  functions: Using node@14 from host. {"metadata":{"emulator":{"name":"functions"},"message":"Using node@14 from host."}}
[debug] [2021-08-18T04:47:16.786Z] defaultcredentials: writing to file /home/rajnish/.config/firebase/rajnishtiwarihrt_gmail_com_application_default_credentials.json
[debug] [2021-08-18T04:47:16.789Z] Setting GAC to /home/rajnish/.config/firebase/rajnishtiwarihrt_gmail_com_application_default_credentials.json {"metadata":{"emulator":{"name":"functions"},"message":"Setting GAC to /home/rajnish/.config/firebase/rajnishtiwarihrt_gmail_com_application_default_credentials.json"}}
[debug] [2021-08-18T04:47:16.791Z] >>> [apiv2][query] GET https://firebase.googleapis.com/v1beta1/projects/clone-ca516/adminSdkConfig [none]
[debug] [2021-08-18T04:47:17.445Z] <<< [apiv2][status] GET https://firebase.googleapis.com/v1beta1/projects/clone-ca516/adminSdkConfig 200
[debug] [2021-08-18T04:47:17.445Z] <<< [apiv2][body] GET https://firebase.googleapis.com/v1beta1/projects/clone-ca516/adminSdkConfig {"projectId":"clone-ca516","storageBucket":"clone-ca516.appspot.com"}
[debug] [2021-08-18T04:47:17.520Z] >>> [apiv2][query] GET https://firebasehosting.googleapis.com/v1beta1/projects/clone-ca516/sites 
[debug] [2021-08-18T04:47:19.465Z] <<< [apiv2][status] GET https://firebasehosting.googleapis.com/v1beta1/projects/clone-ca516/sites 200
[debug] [2021-08-18T04:47:19.465Z] <<< [apiv2][body] GET https://firebasehosting.googleapis.com/v1beta1/projects/clone-ca516/sites {"sites":[{"name":"projects/72548019491/sites/clone-ca516","defaultUrl":"https://clone-ca516.web.app","appId":"1:72548019491:web:b6176bb09804461f483096","type":"DEFAULT_SITE"}]}
[debug] [2021-08-18T04:47:19.466Z] >>> [apiv2][query] GET https://firebase.googleapis.com/v1beta1/projects/clone-ca516/webApps/1:72548019491:web:b6176bb09804461f483096/config [none]
[debug] [2021-08-18T04:47:20.999Z] <<< [apiv2][status] GET https://firebase.googleapis.com/v1beta1/projects/clone-ca516/webApps/1:72548019491:web:b6176bb09804461f483096/config 200
[debug] [2021-08-18T04:47:20.999Z] <<< [apiv2][body] GET https://firebase.googleapis.com/v1beta1/projects/clone-ca516/webApps/1:72548019491:web:b6176bb09804461f483096/config {"projectId":"clone-ca516","appId":"1:72548019491:web:b6176bb09804461f483096","storageBucket":"clone-ca516.appspot.com","apiKey":"AIzaSyD7LVPnScqiSRs-_0DuYfN9x6gWhNcOPIQ","authDomain":"clone-ca516.firebaseapp.com","messagingSenderId":"72548019491","measurementId":"G-2B29DDSR08"}
[info] i  hosting: Serving hosting files from: build {"metadata":{"emulator":{"name":"hosting"},"message":"Serving hosting files from: \u001b[1mbuild\u001b[22m"}}
[info] ✔  hosting: Local server: http://localhost:5000 {"metadata":{"emulator":{"name":"hosting"},"message":"Local server: \u001b[4m\u001b[1mhttp://localhost:5000\u001b[22m\u001b[24m"}}
[debug] [2021-08-18T04:47:21.162Z] Ignoring unsupported arg: auto_download {"metadata":{"emulator":{"name":"ui"},"message":"Ignoring unsupported arg: auto_download"}}
[debug] [2021-08-18T04:47:21.162Z] Ignoring unsupported arg: port {"metadata":{"emulator":{"name":"ui"},"message":"Ignoring unsupported arg: port"}}
[debug] [2021-08-18T04:47:21.163Z] Starting Emulator UI with command {"binary":"node","args":["/home/rajnish/.cache/firebase/emulators/ui-v1.6.2/server.bundle.js"],"optionalArgs":[],"joinArgs":false} {"metadata":{"emulator":{"name":"ui"},"message":"Starting Emulator UI with command {\"binary\":\"node\",\"args\":[\"/home/rajnish/.cache/firebase/emulators/ui-v1.6.2/server.bundle.js\"],\"optionalArgs\":[],\"joinArgs\":false}"}}
[info] i  ui: Emulator UI logging to ui-debug.log {"metadata":{"emulator":{"name":"ui"},"message":"Emulator UI logging to \u001b[1mui-debug.log\u001b[22m"}}
[debug] [2021-08-18T04:47:21.269Z] Web / API server started at localhost:4000
 {"metadata":{"emulator":{"name":"ui"},"message":"Web / API server started at localhost:4000\n"}}
[info] i  functions: Watching "/home/rajnish/rajnish/project/react-projects/amazon_clone/functions" for Cloud Functions... {"metadata":{"emulator":{"name":"functions"},"message":"Watching \"/home/rajnish/rajnish/project/react-projects/amazon_clone/functions\" for Cloud Functions..."}}
[debug] [2021-08-18T04:47:21.471Z] [worker-pool] addWorker(~diagnostic~) {"metadata":{"emulator":{"name":"functions"},"message":"[worker-pool] addWorker(~diagnostic~)"}}
[debug] [2021-08-18T04:47:21.472Z] [worker-pool] Adding worker with key ~diagnostic~, total=1 {"metadata":{"emulator":{"name":"functions"},"message":"[worker-pool] Adding worker with key ~diagnostic~, total=1"}}
[debug] [2021-08-18T04:47:21.472Z] [worker-pool] submitWork(triggerId=) {"metadata":{"emulator":{"name":"functions"},"message":"[worker-pool] submitWork(triggerId=)"}}
[debug] [2021-08-18T04:47:21.473Z] [worker-~diagnostic~-53f2623e-d9c2-48d9-bfae-e95b59ff2711]: Assigning socketPath: /tmp/fire_emu_13284.sock {"metadata":{"emulator":{"name":"functions"},"message":"[worker-~diagnostic~-53f2623e-d9c2-48d9-bfae-e95b59ff2711]: Assigning socketPath: /tmp/fire_emu_13284.sock"}}
[debug] [2021-08-18T04:47:21.474Z] [worker-~diagnostic~-53f2623e-d9c2-48d9-bfae-e95b59ff2711]: BUSY {"metadata":{"emulator":{"name":"functions"},"message":"[worker-~diagnostic~-53f2623e-d9c2-48d9-bfae-e95b59ff2711]: BUSY"}}
[debug] [2021-08-18T04:47:21.702Z] [runtime-status] [13284] Functions runtime initialized. {"cwd":"/home/rajnish/rajnish/project/react-projects/amazon_clone/functions","node_version":"14.17.5"} {"metadata":{"emulator":{"name":"functions"},"message":"[runtime-status] [13284] Functions runtime initialized. {\"cwd\":\"/home/rajnish/rajnish/project/react-projects/amazon_clone/functions\",\"node_version\":\"14.17.5\"}"}}
[debug] [2021-08-18T04:47:21.704Z] [runtime-status] [13284] Disabled runtime features: undefined {"metadata":{"emulator":{"name":"functions"},"message":"[runtime-status] [13284] Disabled runtime features: undefined"}}
[debug] [2021-08-18T04:47:21.706Z] [runtime-status] [13284] Resolved module firebase-admin {"declared":true,"installed":true,"version":"9.11.0","resolution":"/home/rajnish/rajnish/project/react-projects/amazon_clone/functions/node_modules/firebase-admin/lib/index.js"} {"metadata":{"emulator":{"name":"functions"},"message":"[runtime-status] [13284] Resolved module firebase-admin {\"declared\":true,\"installed\":true,\"version\":\"9.11.0\",\"resolution\":\"/home/rajnish/rajnish/project/react-projects/amazon_clone/functions/node_modules/firebase-admin/lib/index.js\"}"}}
[debug] [2021-08-18T04:47:21.709Z] [runtime-status] [13284] Resolved module firebase-functions {"declared":true,"installed":true,"version":"3.15.4","resolution":"/home/rajnish/rajnish/project/react-projects/amazon_clone/functions/node_modules/firebase-functions/lib/index.js"} {"metadata":{"emulator":{"name":"functions"},"message":"[runtime-status] [13284] Resolved module firebase-functions {\"declared\":true,\"installed\":true,\"version\":\"3.15.4\",\"resolution\":\"/home/rajnish/rajnish/project/react-projects/amazon_clone/functions/node_modules/firebase-functions/lib/index.js\"}"}}
[debug] [2021-08-18T04:47:21.710Z] [runtime-status] [13284] Resolved module firebase-functions {"declared":true,"installed":true,"version":"3.15.4","resolution":"/home/rajnish/rajnish/project/react-projects/amazon_clone/functions/node_modules/firebase-functions/lib/index.js"} {"metadata":{"emulator":{"name":"functions"},"message":"[runtime-status] [13284] Resolved module firebase-functions {\"declared\":true,\"installed\":true,\"version\":\"3.15.4\",\"resolution\":\"/home/rajnish/rajnish/project/react-projects/amazon_clone/functions/node_modules/firebase-functions/lib/index.js\"}"}}
[debug] [2021-08-18T04:47:21.712Z] [runtime-status] [13284] Outgoing network have been stubbed. [{"name":"http","status":"mocked"},{"name":"http","status":"mocked"},{"name":"https","status":"mocked"},{"name":"https","status":"mocked"},{"name":"net","status":"mocked"}] {"metadata":{"emulator":{"name":"functions"},"message":"[runtime-status] [13284] Outgoing network have been stubbed. [{\"name\":\"http\",\"status\":\"mocked\"},{\"name\":\"http\",\"status\":\"mocked\"},{\"name\":\"https\",\"status\":\"mocked\"},{\"name\":\"https\",\"status\":\"mocked\"},{\"name\":\"net\",\"status\":\"mocked\"}]"}}
[debug] [2021-08-18T04:47:21.713Z] [runtime-status] [13284] Resolved module firebase-functions {"declared":true,"installed":true,"version":"3.15.4","resolution":"/home/rajnish/rajnish/project/react-projects/amazon_clone/functions/node_modules/firebase-functions/lib/index.js"} {"metadata":{"emulator":{"name":"functions"},"message":"[runtime-status] [13284] Resolved module firebase-functions {\"declared\":true,\"installed\":true,\"version\":\"3.15.4\",\"resolution\":\"/home/rajnish/rajnish/project/react-projects/amazon_clone/functions/node_modules/firebase-functions/lib/index.js\"}"}}
[debug] [2021-08-18T04:47:21.745Z] [runtime-status] [13284] Checked functions.config() {"config":{}} {"metadata":{"emulator":{"name":"functions"},"message":"[runtime-status] [13284] Checked functions.config() {\"config\":{}}"}}
[debug] [2021-08-18T04:47:21.746Z] [runtime-status] [13284] firebase-functions has been stubbed. {"functionsResolution":{"declared":true,"installed":true,"version":"3.15.4","resolution":"/home/rajnish/rajnish/project/react-projects/amazon_clone/functions/node_modules/firebase-functions/lib/index.js"}} {"metadata":{"emulator":{"name":"functions"},"message":"[runtime-status] [13284] firebase-functions has been stubbed. {\"functionsResolution\":{\"declared\":true,\"installed\":true,\"version\":\"3.15.4\",\"resolution\":\"/home/rajnish/rajnish/project/react-projects/amazon_clone/functions/node_modules/firebase-functions/lib/index.js\"}}"}}
[debug] [2021-08-18T04:47:21.746Z] [runtime-status] [13284] Resolved module firebase-functions {"declared":true,"installed":true,"version":"3.15.4","resolution":"/home/rajnish/rajnish/project/react-projects/amazon_clone/functions/node_modules/firebase-functions/lib/index.js"} {"metadata":{"emulator":{"name":"functions"},"message":"[runtime-status] [13284] Resolved module firebase-functions {\"declared\":true,\"installed\":true,\"version\":\"3.15.4\",\"resolution\":\"/home/rajnish/rajnish/project/react-projects/amazon_clone/functions/node_modules/firebase-functions/lib/index.js\"}"}}
[debug] [2021-08-18T04:47:21.748Z] [runtime-status] [13284] Resolved module firebase-admin {"declared":true,"installed":true,"version":"9.11.0","resolution":"/home/rajnish/rajnish/project/react-projects/amazon_clone/functions/node_modules/firebase-admin/lib/index.js"} {"metadata":{"emulator":{"name":"functions"},"message":"[runtime-status] [13284] Resolved module firebase-admin {\"declared\":true,\"installed\":true,\"version\":\"9.11.0\",\"resolution\":\"/home/rajnish/rajnish/project/react-projects/amazon_clone/functions/node_modules/firebase-admin/lib/index.js\"}"}}
[debug] [2021-08-18T04:47:21.748Z] [runtime-status] [13284] Resolved module firebase-functions {"declared":true,"installed":true,"version":"3.15.4","resolution":"/home/rajnish/rajnish/project/react-projects/amazon_clone/functions/node_modules/firebase-functions/lib/index.js"} {"metadata":{"emulator":{"name":"functions"},"message":"[runtime-status] [13284] Resolved module firebase-functions {\"declared\":true,\"installed\":true,\"version\":\"3.15.4\",\"resolution\":\"/home/rajnish/rajnish/project/react-projects/amazon_clone/functions/node_modules/firebase-functions/lib/index.js\"}"}}
[debug] [2021-08-18T04:47:21.748Z] [runtime-status] [13284] firebase-admin has been stubbed. {"adminResolution":{"declared":true,"installed":true,"version":"9.11.0","resolution":"/home/rajnish/rajnish/project/react-projects/amazon_clone/functions/node_modules/firebase-admin/lib/index.js"}} {"metadata":{"emulator":{"name":"functions"},"message":"[runtime-status] [13284] firebase-admin has been stubbed. {\"adminResolution\":{\"declared\":true,\"installed\":true,\"version\":\"9.11.0\",\"resolution\":\"/home/rajnish/rajnish/project/react-projects/amazon_clone/functions/node_modules/firebase-admin/lib/index.js\"}}"}}
[info] ✔  functions[us-central1-api]: http function initialized (http://localhost:5001/clone-ca516/us-central1/api). {"metadata":{"emulator":{"name":"functions"},"message":"\u001b[1mhttp\u001b[22m function initialized (http://localhost:5001/clone-ca516/us-central1/api)."}}
[info] 
┌─────────────────────────────────────────────────────────────┐
│ ✔  All emulators ready! It is now safe to connect your app. │
│ i  View Emulator UI at http://localhost:4000                │
└─────────────────────────────────────────────────────────────┘

┌───────────┬────────────────┬─────────────────────────────────┐
│ Emulator  │ Host:Port      │ View in Emulator UI             │
├───────────┼────────────────┼─────────────────────────────────┤
│ Functions │ localhost:5001 │ http://localhost:4000/functions │
├───────────┼────────────────┼─────────────────────────────────┤
│ Hosting   │ localhost:5000 │ n/a                             │
└───────────┴────────────────┴─────────────────────────────────┘
  Emulator Hub running at localhost:4400
  Other reserved ports: 4500

Issues? Report them at https://github.com/firebase/firebase-tools/issues and attach the *-debug.log files.
 
[debug] [2021-08-18T04:47:21.828Z] [worker-~diagnostic~-53f2623e-d9c2-48d9-bfae-e95b59ff2711]: IDLE {"metadata":{"emulator":{"name":"functions"},"message":"[worker-~diagnostic~-53f2623e-d9c2-48d9-bfae-e95b59ff2711]: IDLE"}}
[debug] [2021-08-18T04:47:24.858Z] [work-queue] {"queueLength":1,"workRunningCount":0}
[debug] [2021-08-18T04:47:24.859Z] [work-queue] {"queueLength":0,"workRunningCount":1}
[debug] [2021-08-18T04:47:24.859Z] Accepted request OPTIONS /clone-ca516/us-central1/api/payments/create?total=100 --> us-central1-api
[debug] [2021-08-18T04:47:24.872Z] [worker-pool] addWorker(us-central1-api) {"metadata":{"emulator":{"name":"functions"},"message":"[worker-pool] addWorker(us-central1-api)"}}
[debug] [2021-08-18T04:47:24.873Z] [worker-pool] Adding worker with key us-central1-api, total=1 {"metadata":{"emulator":{"name":"functions"},"message":"[worker-pool] Adding worker with key us-central1-api, total=1"}}
[debug] [2021-08-18T04:47:24.873Z] [worker-pool] submitWork(triggerId=us-central1-api) {"metadata":{"emulator":{"name":"functions"},"message":"[worker-pool] submitWork(triggerId=us-central1-api)"}}
[debug] [2021-08-18T04:47:24.873Z] [worker-us-central1-api-df2c2597-31e5-407b-917a-ea99de29f9ee]: Assigning socketPath: /tmp/fire_emu_13294.sock {"metadata":{"emulator":{"name":"functions"},"message":"[worker-us-central1-api-df2c2597-31e5-407b-917a-ea99de29f9ee]: Assigning socketPath: /tmp/fire_emu_13294.sock"}}
[debug] [2021-08-18T04:47:24.873Z] [worker-us-central1-api-df2c2597-31e5-407b-917a-ea99de29f9ee]: BUSY {"metadata":{"emulator":{"name":"functions"},"message":"[worker-us-central1-api-df2c2597-31e5-407b-917a-ea99de29f9ee]: BUSY"}}
[debug] [2021-08-18T04:47:25.416Z] [runtime-status] [13294] Functions runtime initialized. {"cwd":"/home/rajnish/rajnish/project/react-projects/amazon_clone/functions","node_version":"14.17.5"} {"metadata":{"emulator":{"name":"functions"},"function":{"name":"us-central1-api"},"message":"[runtime-status] [13294] Functions runtime initialized. {\"cwd\":\"/home/rajnish/rajnish/project/react-projects/amazon_clone/functions\",\"node_version\":\"14.17.5\"}"}}
[debug] [2021-08-18T04:47:25.419Z] [runtime-status] [13294] Disabled runtime features: undefined {"metadata":{"emulator":{"name":"functions"},"function":{"name":"us-central1-api"},"message":"[runtime-status] [13294] Disabled runtime features: undefined"}}
[debug] [2021-08-18T04:47:25.423Z] [runtime-status] [13294] Resolved module firebase-admin {"declared":true,"installed":true,"version":"9.11.0","resolution":"/home/rajnish/rajnish/project/react-projects/amazon_clone/functions/node_modules/firebase-admin/lib/index.js"} {"metadata":{"emulator":{"name":"functions"},"function":{"name":"us-central1-api"},"message":"[runtime-status] [13294] Resolved module firebase-admin {\"declared\":true,\"installed\":true,\"version\":\"9.11.0\",\"resolution\":\"/home/rajnish/rajnish/project/react-projects/amazon_clone/functions/node_modules/firebase-admin/lib/index.js\"}"}}
[debug] [2021-08-18T04:47:25.426Z] [runtime-status] [13294] Resolved module firebase-functions {"declared":true,"installed":true,"version":"3.15.4","resolution":"/home/rajnish/rajnish/project/react-projects/amazon_clone/functions/node_modules/firebase-functions/lib/index.js"} {"metadata":{"emulator":{"name":"functions"},"function":{"name":"us-central1-api"},"message":"[runtime-status] [13294] Resolved module firebase-functions {\"declared\":true,\"installed\":true,\"version\":\"3.15.4\",\"resolution\":\"/home/rajnish/rajnish/project/react-projects/amazon_clone/functions/node_modules/firebase-functions/lib/index.js\"}"}}
[debug] [2021-08-18T04:47:25.430Z] [runtime-status] [13294] Resolved module firebase-functions {"declared":true,"installed":true,"version":"3.15.4","resolution":"/home/rajnish/rajnish/project/react-projects/amazon_clone/functions/node_modules/firebase-functions/lib/index.js"} {"metadata":{"emulator":{"name":"functions"},"function":{"name":"us-central1-api"},"message":"[runtime-status] [13294] Resolved module firebase-functions {\"declared\":true,\"installed\":true,\"version\":\"3.15.4\",\"resolution\":\"/home/rajnish/rajnish/project/react-projects/amazon_clone/functions/node_modules/firebase-functions/lib/index.js\"}"}}
[debug] [2021-08-18T04:47:25.434Z] [runtime-status] [13294] Outgoing network have been stubbed. [{"name":"http","status":"mocked"},{"name":"http","status":"mocked"},{"name":"https","status":"mocked"},{"name":"https","status":"mocked"},{"name":"net","status":"mocked"}] {"metadata":{"emulator":{"name":"functions"},"function":{"name":"us-central1-api"},"message":"[runtime-status] [13294] Outgoing network have been stubbed. [{\"name\":\"http\",\"status\":\"mocked\"},{\"name\":\"http\",\"status\":\"mocked\"},{\"name\":\"https\",\"status\":\"mocked\"},{\"name\":\"https\",\"status\":\"mocked\"},{\"name\":\"net\",\"status\":\"mocked\"}]"}}
[debug] [2021-08-18T04:47:25.435Z] [runtime-status] [13294] Resolved module firebase-functions {"declared":true,"installed":true,"version":"3.15.4","resolution":"/home/rajnish/rajnish/project/react-projects/amazon_clone/functions/node_modules/firebase-functions/lib/index.js"} {"metadata":{"emulator":{"name":"functions"},"function":{"name":"us-central1-api"},"message":"[runtime-status] [13294] Resolved module firebase-functions {\"declared\":true,\"installed\":true,\"version\":\"3.15.4\",\"resolution\":\"/home/rajnish/rajnish/project/react-projects/amazon_clone/functions/node_modules/firebase-functions/lib/index.js\"}"}}
[debug] [2021-08-18T04:47:25.489Z] [runtime-status] [13294] Checked functions.config() {"config":{}} {"metadata":{"emulator":{"name":"functions"},"function":{"name":"us-central1-api"},"message":"[runtime-status] [13294] Checked functions.config() {\"config\":{}}"}}
[debug] [2021-08-18T04:47:25.489Z] [runtime-status] [13294] firebase-functions has been stubbed. {"functionsResolution":{"declared":true,"installed":true,"version":"3.15.4","resolution":"/home/rajnish/rajnish/project/react-projects/amazon_clone/functions/node_modules/firebase-functions/lib/index.js"}} {"metadata":{"emulator":{"name":"functions"},"function":{"name":"us-central1-api"},"message":"[runtime-status] [13294] firebase-functions has been stubbed. {\"functionsResolution\":{\"declared\":true,\"installed\":true,\"version\":\"3.15.4\",\"resolution\":\"/home/rajnish/rajnish/project/react-projects/amazon_clone/functions/node_modules/firebase-functions/lib/index.js\"}}"}}
[debug] [2021-08-18T04:47:25.490Z] [runtime-status] [13294] Resolved module firebase-functions {"declared":true,"installed":true,"version":"3.15.4","resolution":"/home/rajnish/rajnish/project/react-projects/amazon_clone/functions/node_modules/firebase-functions/lib/index.js"} {"metadata":{"emulator":{"name":"functions"},"function":{"name":"us-central1-api"},"message":"[runtime-status] [13294] Resolved module firebase-functions {\"declared\":true,\"installed\":true,\"version\":\"3.15.4\",\"resolution\":\"/home/rajnish/rajnish/project/react-projects/amazon_clone/functions/node_modules/firebase-functions/lib/index.js\"}"}}
[debug] [2021-08-18T04:47:25.492Z] [runtime-status] [13294] Resolved module firebase-admin {"declared":true,"installed":true,"version":"9.11.0","resolution":"/home/rajnish/rajnish/project/react-projects/amazon_clone/functions/node_modules/firebase-admin/lib/index.js"} {"metadata":{"emulator":{"name":"functions"},"function":{"name":"us-central1-api"},"message":"[runtime-status] [13294] Resolved module firebase-admin {\"declared\":true,\"installed\":true,\"version\":\"9.11.0\",\"resolution\":\"/home/rajnish/rajnish/project/react-projects/amazon_clone/functions/node_modules/firebase-admin/lib/index.js\"}"}}
[debug] [2021-08-18T04:47:25.493Z] [runtime-status] [13294] Resolved module firebase-functions {"declared":true,"installed":true,"version":"3.15.4","resolution":"/home/rajnish/rajnish/project/react-projects/amazon_clone/functions/node_modules/firebase-functions/lib/index.js"} {"metadata":{"emulator":{"name":"functions"},"function":{"name":"us-central1-api"},"message":"[runtime-status] [13294] Resolved module firebase-functions {\"declared\":true,\"installed\":true,\"version\":\"3.15.4\",\"resolution\":\"/home/rajnish/rajnish/project/react-projects/amazon_clone/functions/node_modules/firebase-functions/lib/index.js\"}"}}
[debug] [2021-08-18T04:47:25.494Z] [runtime-status] [13294] firebase-admin has been stubbed. {"adminResolution":{"declared":true,"installed":true,"version":"9.11.0","resolution":"/home/rajnish/rajnish/project/react-projects/amazon_clone/functions/node_modules/firebase-admin/lib/index.js"}} {"metadata":{"emulator":{"name":"functions"},"function":{"name":"us-central1-api"},"message":"[runtime-status] [13294] firebase-admin has been stubbed. {\"adminResolution\":{\"declared\":true,\"installed\":true,\"version\":\"9.11.0\",\"resolution\":\"/home/rajnish/rajnish/project/react-projects/amazon_clone/functions/node_modules/firebase-admin/lib/index.js\"}}"}}
[debug] [2021-08-18T04:47:25.664Z] [runtime-status] [13294] Trigger "us-central1-api" has been found, beginning invocation! {"metadata":{"emulator":{"name":"functions"},"function":{"name":"us-central1-api"},"message":"[runtime-status] [13294] Trigger \"us-central1-api\" has been found, beginning invocation!"}}
[info] i  functions: Beginning execution of "us-central1-api" {"metadata":{"emulator":{"name":"functions"},"function":{"name":"us-central1-api"},"message":"Beginning execution of \"us-central1-api\""}}
[debug] [2021-08-18T04:47:25.666Z] [runtime-status] [13294] triggerDefinition {"httpsTrigger":{},"name":"api","entryPoint":"api","regions":["us-central1"],"region":"us-central1","id":"us-central1-api"} {"metadata":{"emulator":{"name":"functions"},"function":{"name":"us-central1-api"},"message":"[runtime-status] [13294] triggerDefinition {\"httpsTrigger\":{},\"name\":\"api\",\"entryPoint\":\"api\",\"regions\":[\"us-central1\"],\"region\":\"us-central1\",\"id\":\"us-central1-api\"}"}}
[debug] [2021-08-18T04:47:25.667Z] [runtime-status] [13294] Running us-central1-api in mode HTTPS {"metadata":{"emulator":{"name":"functions"},"function":{"name":"us-central1-api"},"message":"[runtime-status] [13294] Running us-central1-api in mode HTTPS"}}
[debug] [2021-08-18T04:47:25.672Z] [runtime-status] [13294] Attempting to listen to socketPath: /tmp/fire_emu_13294.sock {"metadata":{"emulator":{"name":"functions"},"function":{"name":"us-central1-api"},"message":"[runtime-status] [13294] Attempting to listen to socketPath: /tmp/fire_emu_13294.sock"}}
[debug] [2021-08-18T04:47:25.678Z] [functions] Runtime ready! Sending request! {"metadata":{"emulator":{"name":"functions"},"message":"[functions] Runtime ready! Sending request!"}}
[debug] [2021-08-18T04:47:25.679Z] [functions] Got req.url=/clone-ca516/us-central1/api/payments/create?total=100, mapping to path=/payments/create?total=100 {"metadata":{"emulator":{"name":"functions"},"message":"[functions] Got req.url=/clone-ca516/us-central1/api/payments/create?total=100, mapping to path=/payments/create?total=100"}}
[debug] [2021-08-18T04:47:25.698Z] [runtime-status] [13294] Ephemeral server handling OPTIONS request {"metadata":{"emulator":{"name":"functions"},"function":{"name":"us-central1-api"},"message":"[runtime-status] [13294] Ephemeral server handling OPTIONS request"}}
[debug] [2021-08-18T04:47:25.712Z] [runtime-status] [13294] Ephemeral server survived. {"metadata":{"emulator":{"name":"functions"},"function":{"name":"us-central1-api"},"message":"[runtime-status] [13294] Ephemeral server survived."}}
[info] i  functions: Finished "us-central1-api" in ~1s {"metadata":{"emulator":{"name":"functions"},"function":{"name":"us-central1-api"},"message":"Finished \"us-central1-api\" in ~1s"}}
[debug] [2021-08-18T04:47:25.717Z] [worker-us-central1-api-df2c2597-31e5-407b-917a-ea99de29f9ee]: IDLE {"metadata":{"emulator":{"name":"functions"},"message":"[worker-us-central1-api-df2c2597-31e5-407b-917a-ea99de29f9ee]: IDLE"}}
[debug] [2021-08-18T04:47:25.718Z] [work-queue] {"queueLength":0,"workRunningCount":0}
[debug] [2021-08-18T04:47:25.748Z] [work-queue] {"queueLength":1,"workRunningCount":0}
[debug] [2021-08-18T04:47:25.748Z] [work-queue] {"queueLength":0,"workRunningCount":1}
[debug] [2021-08-18T04:47:25.749Z] Accepted request POST /clone-ca516/us-central1/api/payments/create?total=100 --> us-central1-api
[debug] [2021-08-18T04:47:25.750Z] [worker-pool] submitWork(triggerId=us-central1-api) {"metadata":{"emulator":{"name":"functions"},"message":"[worker-pool] submitWork(triggerId=us-central1-api)"}}
[debug] [2021-08-18T04:47:25.750Z] [worker-us-central1-api-df2c2597-31e5-407b-917a-ea99de29f9ee]: Assigning socketPath: /tmp/fire_emu_13294.sock {"metadata":{"emulator":{"name":"functions"},"message":"[worker-us-central1-api-df2c2597-31e5-407b-917a-ea99de29f9ee]: Assigning socketPath: /tmp/fire_emu_13294.sock"}}
[debug] [2021-08-18T04:47:25.751Z] [worker-us-central1-api-df2c2597-31e5-407b-917a-ea99de29f9ee]: BUSY {"metadata":{"emulator":{"name":"functions"},"message":"[worker-us-central1-api-df2c2597-31e5-407b-917a-ea99de29f9ee]: BUSY"}}
[debug] [2021-08-18T04:47:25.754Z] [runtime-status] [13294] Trigger "us-central1-api" has been found, beginning invocation! {"metadata":{"emulator":{"name":"functions"},"function":{"name":"us-central1-api"},"message":"[runtime-status] [13294] Trigger \"us-central1-api\" has been found, beginning invocation!"}}
[info] i  functions: Beginning execution of "us-central1-api" {"metadata":{"emulator":{"name":"functions"},"function":{"name":"us-central1-api"},"message":"Beginning execution of \"us-central1-api\""}}
[debug] [2021-08-18T04:47:25.755Z] [runtime-status] [13294] triggerDefinition {"httpsTrigger":{},"name":"api","entryPoint":"api","regions":["us-central1"],"region":"us-central1","id":"us-central1-api"} {"metadata":{"emulator":{"name":"functions"},"function":{"name":"us-central1-api"},"message":"[runtime-status] [13294] triggerDefinition {\"httpsTrigger\":{},\"name\":\"api\",\"entryPoint\":\"api\",\"regions\":[\"us-central1\"],\"region\":\"us-central1\",\"id\":\"us-central1-api\"}"}}
[debug] [2021-08-18T04:47:25.755Z] [runtime-status] [13294] Running us-central1-api in mode HTTPS {"metadata":{"emulator":{"name":"functions"},"function":{"name":"us-central1-api"},"message":"[runtime-status] [13294] Running us-central1-api in mode HTTPS"}}
[debug] [2021-08-18T04:47:25.757Z] [runtime-status] [13294] Attempting to listen to socketPath: /tmp/fire_emu_13294.sock {"metadata":{"emulator":{"name":"functions"},"function":{"name":"us-central1-api"},"message":"[runtime-status] [13294] Attempting to listen to socketPath: /tmp/fire_emu_13294.sock"}}
[debug] [2021-08-18T04:47:25.759Z] [functions] Runtime ready! Sending request! {"metadata":{"emulator":{"name":"functions"},"message":"[functions] Runtime ready! Sending request!"}}
[debug] [2021-08-18T04:47:25.759Z] [functions] Got req.url=/clone-ca516/us-central1/api/payments/create?total=100, mapping to path=/payments/create?total=100 {"metadata":{"emulator":{"name":"functions"},"message":"[functions] Got req.url=/clone-ca516/us-central1/api/payments/create?total=100, mapping to path=/payments/create?total=100"}}
[debug] [2021-08-18T04:47:25.784Z] [runtime-status] [13294] Ephemeral server handling POST request {"metadata":{"emulator":{"name":"functions"},"function":{"name":"us-central1-api"},"message":"[runtime-status] [13294] Ephemeral server handling POST request"}}
[info] >  Payment Received!! 100 {"user":"Payment Received!! 100","metadata":{"emulator":{"name":"functions"},"function":{"name":"us-central1-api"},"message":"\u001b[90m> \u001b[39m Payment Received!! 100"}}
[debug] [2021-08-18T04:47:25.801Z] [runtime-status] [13294] Ephemeral server survived. {"metadata":{"emulator":{"name":"functions"},"function":{"name":"us-central1-api"},"message":"[runtime-status] [13294] Ephemeral server survived."}}
[info] i  functions: Finished "us-central1-api" in ~1s {"metadata":{"emulator":{"name":"functions"},"function":{"name":"us-central1-api"},"message":"Finished \"us-central1-api\" in ~1s"}}
[debug] [2021-08-18T04:47:26.541Z] [worker-us-central1-api-df2c2597-31e5-407b-917a-ea99de29f9ee]: IDLE {"metadata":{"emulator":{"name":"functions"},"message":"[worker-us-central1-api-df2c2597-31e5-407b-917a-ea99de29f9ee]: IDLE"}}
[debug] [2021-08-18T04:47:26.542Z] [work-queue] {"queueLength":0,"workRunningCount":0}
[debug] [2021-08-18T04:52:18.337Z] [work-queue] {"queueLength":1,"workRunningCount":0}
[debug] [2021-08-18T04:52:18.338Z] [work-queue] {"queueLength":0,"workRunningCount":1}
[debug] [2021-08-18T04:52:18.338Z] Accepted request OPTIONS /clone-ca516/us-central1/api/payments/create?total=100 --> us-central1-api
[debug] [2021-08-18T04:52:18.339Z] [worker-pool] submitWork(triggerId=us-central1-api) {"metadata":{"emulator":{"name":"functions"},"message":"[worker-pool] submitWork(triggerId=us-central1-api)"}}
[debug] [2021-08-18T04:52:18.339Z] [worker-us-central1-api-df2c2597-31e5-407b-917a-ea99de29f9ee]: Assigning socketPath: /tmp/fire_emu_13294.sock {"metadata":{"emulator":{"name":"functions"},"message":"[worker-us-central1-api-df2c2597-31e5-407b-917a-ea99de29f9ee]: Assigning socketPath: /tmp/fire_emu_13294.sock"}}
[debug] [2021-08-18T04:52:18.340Z] [worker-us-central1-api-df2c2597-31e5-407b-917a-ea99de29f9ee]: BUSY {"metadata":{"emulator":{"name":"functions"},"message":"[worker-us-central1-api-df2c2597-31e5-407b-917a-ea99de29f9ee]: BUSY"}}
[debug] [2021-08-18T04:52:18.344Z] [runtime-status] [13294] Trigger "us-central1-api" has been found, beginning invocation! {"metadata":{"emulator":{"name":"functions"},"function":{"name":"us-central1-api"},"message":"[runtime-status] [13294] Trigger \"us-central1-api\" has been found, beginning invocation!"}}
[info] i  functions: Beginning execution of "us-central1-api" {"metadata":{"emulator":{"name":"functions"},"function":{"name":"us-central1-api"},"message":"Beginning execution of \"us-central1-api\""}}
[debug] [2021-08-18T04:52:18.345Z] [runtime-status] [13294] triggerDefinition {"httpsTrigger":{},"name":"api","entryPoint":"api","regions":["us-central1"],"region":"us-central1","id":"us-central1-api"} {"metadata":{"emulator":{"name":"functions"},"function":{"name":"us-central1-api"},"message":"[runtime-status] [13294] triggerDefinition {\"httpsTrigger\":{},\"name\":\"api\",\"entryPoint\":\"api\",\"regions\":[\"us-central1\"],\"region\":\"us-central1\",\"id\":\"us-central1-api\"}"}}
[debug] [2021-08-18T04:52:18.346Z] [runtime-status] [13294] Running us-central1-api in mode HTTPS {"metadata":{"emulator":{"name":"functions"},"function":{"name":"us-central1-api"},"message":"[runtime-status] [13294] Running us-central1-api in mode HTTPS"}}
[debug] [2021-08-18T04:52:18.346Z] [runtime-status] [13294] Attempting to listen to socketPath: /tmp/fire_emu_13294.sock {"metadata":{"emulator":{"name":"functions"},"function":{"name":"us-central1-api"},"message":"[runtime-status] [13294] Attempting to listen to socketPath: /tmp/fire_emu_13294.sock"}}
[debug] [2021-08-18T04:52:18.348Z] [functions] Runtime ready! Sending request! {"metadata":{"emulator":{"name":"functions"},"message":"[functions] Runtime ready! Sending request!"}}
[debug] [2021-08-18T04:52:18.348Z] [functions] Got req.url=/clone-ca516/us-central1/api/payments/create?total=100, mapping to path=/payments/create?total=100 {"metadata":{"emulator":{"name":"functions"},"message":"[functions] Got req.url=/clone-ca516/us-central1/api/payments/create?total=100, mapping to path=/payments/create?total=100"}}
[debug] [2021-08-18T04:52:18.358Z] [runtime-status] [13294] Ephemeral server handling OPTIONS request {"metadata":{"emulator":{"name":"functions"},"function":{"name":"us-central1-api"},"message":"[runtime-status] [13294] Ephemeral server handling OPTIONS request"}}
[debug] [2021-08-18T04:52:18.361Z] [runtime-status] [13294] Ephemeral server survived. {"metadata":{"emulator":{"name":"functions"},"function":{"name":"us-central1-api"},"message":"[runtime-status] [13294] Ephemeral server survived."}}
[info] i  functions: Finished "us-central1-api" in ~1s {"metadata":{"emulator":{"name":"functions"},"function":{"name":"us-central1-api"},"message":"Finished \"us-central1-api\" in ~1s"}}
[debug] [2021-08-18T04:52:18.363Z] [worker-us-central1-api-df2c2597-31e5-407b-917a-ea99de29f9ee]: IDLE {"metadata":{"emulator":{"name":"functions"},"message":"[worker-us-central1-api-df2c2597-31e5-407b-917a-ea99de29f9ee]: IDLE"}}
[debug] [2021-08-18T04:52:18.364Z] [work-queue] {"queueLength":0,"workRunningCount":0}
[debug] [2021-08-18T04:52:18.367Z] [work-queue] {"queueLength":1,"workRunningCount":0}
[debug] [2021-08-18T04:52:18.368Z] [work-queue] {"queueLength":0,"workRunningCount":1}
[debug] [2021-08-18T04:52:18.368Z] Accepted request POST /clone-ca516/us-central1/api/payments/create?total=100 --> us-central1-api
[debug] [2021-08-18T04:52:18.369Z] [worker-pool] submitWork(triggerId=us-central1-api) {"metadata":{"emulator":{"name":"functions"},"message":"[worker-pool] submitWork(triggerId=us-central1-api)"}}
[debug] [2021-08-18T04:52:18.369Z] [worker-us-central1-api-df2c2597-31e5-407b-917a-ea99de29f9ee]: Assigning socketPath: /tmp/fire_emu_13294.sock {"metadata":{"emulator":{"name":"functions"},"message":"[worker-us-central1-api-df2c2597-31e5-407b-917a-ea99de29f9ee]: Assigning socketPath: /tmp/fire_emu_13294.sock"}}
[debug] [2021-08-18T04:52:18.369Z] [worker-us-central1-api-df2c2597-31e5-407b-917a-ea99de29f9ee]: BUSY {"metadata":{"emulator":{"name":"functions"},"message":"[worker-us-central1-api-df2c2597-31e5-407b-917a-ea99de29f9ee]: BUSY"}}
[debug] [2021-08-18T04:52:18.373Z] [runtime-status] [13294] Trigger "us-central1-api" has been found, beginning invocation! {"metadata":{"emulator":{"name":"functions"},"function":{"name":"us-central1-api"},"message":"[runtime-status] [13294] Trigger \"us-central1-api\" has been found, beginning invocation!"}}
[info] i  functions: Beginning execution of "us-central1-api" {"metadata":{"emulator":{"name":"functions"},"function":{"name":"us-central1-api"},"message":"Beginning execution of \"us-central1-api\""}}
[debug] [2021-08-18T04:52:18.374Z] [runtime-status] [13294] triggerDefinition {"httpsTrigger":{},"name":"api","entryPoint":"api","regions":["us-central1"],"region":"us-central1","id":"us-central1-api"} {"metadata":{"emulator":{"name":"functions"},"function":{"name":"us-central1-api"},"message":"[runtime-status] [13294] triggerDefinition {\"httpsTrigger\":{},\"name\":\"api\",\"entryPoint\":\"api\",\"regions\":[\"us-central1\"],\"region\":\"us-central1\",\"id\":\"us-central1-api\"}"}}
[debug] [2021-08-18T04:52:18.374Z] [runtime-status] [13294] Running us-central1-api in mode HTTPS {"metadata":{"emulator":{"name":"functions"},"function":{"name":"us-central1-api"},"message":"[runtime-status] [13294] Running us-central1-api in mode HTTPS"}}
[debug] [2021-08-18T04:52:18.374Z] [runtime-status] [13294] Attempting to listen to socketPath: /tmp/fire_emu_13294.sock {"metadata":{"emulator":{"name":"functions"},"function":{"name":"us-central1-api"},"message":"[runtime-status] [13294] Attempting to listen to socketPath: /tmp/fire_emu_13294.sock"}}
[debug] [2021-08-18T04:52:18.376Z] [functions] Runtime ready! Sending request! {"metadata":{"emulator":{"name":"functions"},"message":"[functions] Runtime ready! Sending request!"}}
[debug] [2021-08-18T04:52:18.378Z] [functions] Got req.url=/clone-ca516/us-central1/api/payments/create?total=100, mapping to path=/payments/create?total=100 {"metadata":{"emulator":{"name":"functions"},"message":"[functions] Got req.url=/clone-ca516/us-central1/api/payments/create?total=100, mapping to path=/payments/create?total=100"}}
[debug] [2021-08-18T04:52:18.386Z] [runtime-status] [13294] Ephemeral server handling POST request {"metadata":{"emulator":{"name":"functions"},"function":{"name":"us-central1-api"},"message":"[runtime-status] [13294] Ephemeral server handling POST request"}}
[info] >  Payment Received!! 100 {"user":"Payment Received!! 100","metadata":{"emulator":{"name":"functions"},"function":{"name":"us-central1-api"},"message":"\u001b[90m> \u001b[39m Payment Received!! 100"}}
[debug] [2021-08-18T04:52:18.395Z] [runtime-status] [13294] Ephemeral server survived. {"metadata":{"emulator":{"name":"functions"},"function":{"name":"us-central1-api"},"message":"[runtime-status] [13294] Ephemeral server survived."}}
[info] i  functions: Finished "us-central1-api" in ~1s {"metadata":{"emulator":{"name":"functions"},"function":{"name":"us-central1-api"},"message":"Finished \"us-central1-api\" in ~1s"}}
[debug] [2021-08-18T04:52:19.003Z] [worker-us-central1-api-df2c2597-31e5-407b-917a-ea99de29f9ee]: IDLE {"metadata":{"emulator":{"name":"functions"},"message":"[worker-us-central1-api-df2c2597-31e5-407b-917a-ea99de29f9ee]: IDLE"}}
[debug] [2021-08-18T04:52:19.005Z] [work-queue] {"queueLength":0,"workRunningCount":0}
[debug] [2021-08-18T05:00:58.992Z] [work-queue] {"queueLength":1,"workRunningCount":0}
[debug] [2021-08-18T05:00:58.992Z] [work-queue] {"queueLength":0,"workRunningCount":1}
[debug] [2021-08-18T05:00:58.993Z] Accepted request OPTIONS /clone-ca516/us-central1/api/payments/create?total=300 --> us-central1-api
[debug] [2021-08-18T05:00:58.993Z] [worker-pool] submitWork(triggerId=us-central1-api) {"metadata":{"emulator":{"name":"functions"},"message":"[worker-pool] submitWork(triggerId=us-central1-api)"}}
[debug] [2021-08-18T05:00:58.993Z] [worker-us-central1-api-df2c2597-31e5-407b-917a-ea99de29f9ee]: Assigning socketPath: /tmp/fire_emu_13294.sock {"metadata":{"emulator":{"name":"functions"},"message":"[worker-us-central1-api-df2c2597-31e5-407b-917a-ea99de29f9ee]: Assigning socketPath: /tmp/fire_emu_13294.sock"}}
[debug] [2021-08-18T05:00:58.993Z] [worker-us-central1-api-df2c2597-31e5-407b-917a-ea99de29f9ee]: BUSY {"metadata":{"emulator":{"name":"functions"},"message":"[worker-us-central1-api-df2c2597-31e5-407b-917a-ea99de29f9ee]: BUSY"}}
[debug] [2021-08-18T05:00:58.998Z] [runtime-status] [13294] Trigger "us-central1-api" has been found, beginning invocation! {"metadata":{"emulator":{"name":"functions"},"function":{"name":"us-central1-api"},"message":"[runtime-status] [13294] Trigger \"us-central1-api\" has been found, beginning invocation!"}}
[info] i  functions: Beginning execution of "us-central1-api" {"metadata":{"emulator":{"name":"functions"},"function":{"name":"us-central1-api"},"message":"Beginning execution of \"us-central1-api\""}}
[debug] [2021-08-18T05:00:59.000Z] [runtime-status] [13294] triggerDefinition {"httpsTrigger":{},"name":"api","entryPoint":"api","regions":["us-central1"],"region":"us-central1","id":"us-central1-api"} {"metadata":{"emulator":{"name":"functions"},"function":{"name":"us-central1-api"},"message":"[runtime-status] [13294] triggerDefinition {\"httpsTrigger\":{},\"name\":\"api\",\"entryPoint\":\"api\",\"regions\":[\"us-central1\"],\"region\":\"us-central1\",\"id\":\"us-central1-api\"}"}}
[debug] [2021-08-18T05:00:59.000Z] [runtime-status] [13294] Running us-central1-api in mode HTTPS {"metadata":{"emulator":{"name":"functions"},"function":{"name":"us-central1-api"},"message":"[runtime-status] [13294] Running us-central1-api in mode HTTPS"}}
[debug] [2021-08-18T05:00:59.001Z] [runtime-status] [13294] Attempting to listen to socketPath: /tmp/fire_emu_13294.sock {"metadata":{"emulator":{"name":"functions"},"function":{"name":"us-central1-api"},"message":"[runtime-status] [13294] Attempting to listen to socketPath: /tmp/fire_emu_13294.sock"}}
[debug] [2021-08-18T05:00:59.002Z] [functions] Runtime ready! Sending request! {"metadata":{"emulator":{"name":"functions"},"message":"[functions] Runtime ready! Sending request!"}}
[debug] [2021-08-18T05:00:59.002Z] [functions] Got req.url=/clone-ca516/us-central1/api/payments/create?total=300, mapping to path=/payments/create?total=300 {"metadata":{"emulator":{"name":"functions"},"message":"[functions] Got req.url=/clone-ca516/us-central1/api/payments/create?total=300, mapping to path=/payments/create?total=300"}}
[debug] [2021-08-18T05:00:59.009Z] [runtime-status] [13294] Ephemeral server handling OPTIONS request {"metadata":{"emulator":{"name":"functions"},"function":{"name":"us-central1-api"},"message":"[runtime-status] [13294] Ephemeral server handling OPTIONS request"}}
[debug] [2021-08-18T05:00:59.011Z] [runtime-status] [13294] Ephemeral server survived. {"metadata":{"emulator":{"name":"functions"},"function":{"name":"us-central1-api"},"message":"[runtime-status] [13294] Ephemeral server survived."}}
[info] i  functions: Finished "us-central1-api" in ~1s {"metadata":{"emulator":{"name":"functions"},"function":{"name":"us-central1-api"},"message":"Finished \"us-central1-api\" in ~1s"}}
[debug] [2021-08-18T05:00:59.012Z] [worker-us-central1-api-df2c2597-31e5-407b-917a-ea99de29f9ee]: IDLE {"metadata":{"emulator":{"name":"functions"},"message":"[worker-us-central1-api-df2c2597-31e5-407b-917a-ea99de29f9ee]: IDLE"}}
[debug] [2021-08-18T05:00:59.012Z] [work-queue] {"queueLength":0,"workRunningCount":0}
[debug] [2021-08-18T05:00:59.015Z] [work-queue] {"queueLength":1,"workRunningCount":0}
[debug] [2021-08-18T05:00:59.016Z] [work-queue] {"queueLength":0,"workRunningCount":1}
[debug] [2021-08-18T05:00:59.016Z] Accepted request POST /clone-ca516/us-central1/api/payments/create?total=300 --> us-central1-api
[debug] [2021-08-18T05:00:59.017Z] [worker-pool] submitWork(triggerId=us-central1-api) {"metadata":{"emulator":{"name":"functions"},"message":"[worker-pool] submitWork(triggerId=us-central1-api)"}}
[debug] [2021-08-18T05:00:59.017Z] [worker-us-central1-api-df2c2597-31e5-407b-917a-ea99de29f9ee]: Assigning socketPath: /tmp/fire_emu_13294.sock {"metadata":{"emulator":{"name":"functions"},"message":"[worker-us-central1-api-df2c2597-31e5-407b-917a-ea99de29f9ee]: Assigning socketPath: /tmp/fire_emu_13294.sock"}}
[debug] [2021-08-18T05:00:59.018Z] [worker-us-central1-api-df2c2597-31e5-407b-917a-ea99de29f9ee]: BUSY {"metadata":{"emulator":{"name":"functions"},"message":"[worker-us-central1-api-df2c2597-31e5-407b-917a-ea99de29f9ee]: BUSY"}}
[debug] [2021-08-18T05:00:59.022Z] [runtime-status] [13294] Trigger "us-central1-api" has been found, beginning invocation! {"metadata":{"emulator":{"name":"functions"},"function":{"name":"us-central1-api"},"message":"[runtime-status] [13294] Trigger \"us-central1-api\" has been found, beginning invocation!"}}
[info] i  functions: Beginning execution of "us-central1-api" {"metadata":{"emulator":{"name":"functions"},"function":{"name":"us-central1-api"},"message":"Beginning execution of \"us-central1-api\""}}
[debug] [2021-08-18T05:00:59.023Z] [runtime-status] [13294] triggerDefinition {"httpsTrigger":{},"name":"api","entryPoint":"api","regions":["us-central1"],"region":"us-central1","id":"us-central1-api"} {"metadata":{"emulator":{"name":"functions"},"function":{"name":"us-central1-api"},"message":"[runtime-status] [13294] triggerDefinition {\"httpsTrigger\":{},\"name\":\"api\",\"entryPoint\":\"api\",\"regions\":[\"us-central1\"],\"region\":\"us-central1\",\"id\":\"us-central1-api\"}"}}
[debug] [2021-08-18T05:00:59.024Z] [runtime-status] [13294] Running us-central1-api in mode HTTPS {"metadata":{"emulator":{"name":"functions"},"function":{"name":"us-central1-api"},"message":"[runtime-status] [13294] Running us-central1-api in mode HTTPS"}}
[debug] [2021-08-18T05:00:59.024Z] [runtime-status] [13294] Attempting to listen to socketPath: /tmp/fire_emu_13294.sock {"metadata":{"emulator":{"name":"functions"},"function":{"name":"us-central1-api"},"message":"[runtime-status] [13294] Attempting to listen to socketPath: /tmp/fire_emu_13294.sock"}}
[debug] [2021-08-18T05:00:59.026Z] [functions] Runtime ready! Sending request! {"metadata":{"emulator":{"name":"functions"},"message":"[functions] Runtime ready! Sending request!"}}
[debug] [2021-08-18T05:00:59.026Z] [functions] Got req.url=/clone-ca516/us-central1/api/payments/create?total=300, mapping to path=/payments/create?total=300 {"metadata":{"emulator":{"name":"functions"},"message":"[functions] Got req.url=/clone-ca516/us-central1/api/payments/create?total=300, mapping to path=/payments/create?total=300"}}
[debug] [2021-08-18T05:00:59.031Z] [runtime-status] [13294] Ephemeral server handling POST request {"metadata":{"emulator":{"name":"functions"},"function":{"name":"us-central1-api"},"message":"[runtime-status] [13294] Ephemeral server handling POST request"}}
[info] >  Payment Received!! 300 {"user":"Payment Received!! 300","metadata":{"emulator":{"name":"functions"},"function":{"name":"us-central1-api"},"message":"\u001b[90m> \u001b[39m Payment Received!! 300"}}
[debug] [2021-08-18T05:00:59.032Z] [runtime-status] [13294] Ephemeral server survived. {"metadata":{"emulator":{"name":"functions"},"function":{"name":"us-central1-api"},"message":"[runtime-status] [13294] Ephemeral server survived."}}
[info] i  functions: Finished "us-central1-api" in ~1s {"metadata":{"emulator":{"name":"functions"},"function":{"name":"us-central1-api"},"message":"Finished \"us-central1-api\" in ~1s"}}
[debug] [2021-08-18T05:00:59.815Z] [worker-us-central1-api-df2c2597-31e5-407b-917a-ea99de29f9ee]: IDLE {"metadata":{"emulator":{"name":"functions"},"message":"[worker-us-central1-api-df2c2597-31e5-407b-917a-ea99de29f9ee]: IDLE"}}
[debug] [2021-08-18T05:00:59.816Z] [work-queue] {"queueLength":0,"workRunningCount":0}
